app/build/intermediates/manifest_merge_blame_file/release/processReleaseMainManifest/manifest-merger-blame-release-report.txt
1<?xml version="1.0" encoding="utf-8"?>
2<manifest xmlns:android="http://schemas.android.com/apk/res/android"
3    package="com.sms.sopnopay"
4    android:versionCode="1"
5    android:versionName="1.0" >
6
7    <uses-sdk
8        android:minSdkVersion="24"
9        android:targetSdkVersion="34" />
10
11    <uses-feature
11-->src\main\AndroidManifest.xml:5:5-7:36
12        android:name="android.hardware.telephony"
12-->src\main\AndroidManifest.xml:6:9-50
13        android:required="false" />
13-->src\main\AndroidManifest.xml:7:9-33
14
15    <uses-permission android:name="android.permission.CAMERA" />
15-->src\main\AndroidManifest.xml:9:5-65
15-->src\main\AndroidManifest.xml:9:22-62
16
17    <uses-feature android:name="android.hardware.camera" />
17-->src\main\AndroidManifest.xml:11:5-60
17-->src\main\AndroidManifest.xml:11:19-57
18
19    <uses-permission android:name="android.permission.WRITE_EXTERNAL_STORAGE" />
19-->src\main\AndroidManifest.xml:12:5-81
19-->src\main\AndroidManifest.xml:12:22-78
20    <uses-permission android:name="android.permission.READ_EXTERNAL_STORAGE" />
20-->src\main\AndroidManifest.xml:13:5-80
20-->src\main\AndroidManifest.xml:13:22-77
21    <uses-permission android:name="android.permission.CAMERA" />
21-->src\main\AndroidManifest.xml:9:5-65
21-->src\main\AndroidManifest.xml:9:22-62
22
23    <meta-data
23-->src\main\AndroidManifest.xml:18:5-20:44
24        android:name="androidx.camera.lifecycle.ProcessCameraProvider"
24-->src\main\AndroidManifest.xml:19:9-71
25        android:value="androidx.startup" />
25-->src\main\AndroidManifest.xml:20:9-41
26
27    <uses-permission android:name="android.permission.ACCESS_NETWORK_STATE" />
27-->src\main\AndroidManifest.xml:21:5-79
27-->src\main\AndroidManifest.xml:21:22-76
28    <uses-permission android:name="android.permission.INTERNET" />
28-->src\main\AndroidManifest.xml:22:5-67
28-->src\main\AndroidManifest.xml:22:22-64
29    <uses-permission android:name="android.permission.READ_PHONE_STATE" />
29-->src\main\AndroidManifest.xml:23:5-75
29-->src\main\AndroidManifest.xml:23:22-72
30    <uses-permission android:name="android.permission.POST_NOTIFICATIONS" />
30-->src\main\AndroidManifest.xml:24:5-77
30-->src\main\AndroidManifest.xml:24:22-74
31    <uses-permission android:name="android.permission.READ_SMS" />
31-->src\main\AndroidManifest.xml:25:5-67
31-->src\main\AndroidManifest.xml:25:22-64
32    <uses-permission android:name="android.permission.RECEIVE_SMS" />
32-->src\main\AndroidManifest.xml:26:5-70
32-->src\main\AndroidManifest.xml:26:22-67
33    <uses-permission android:name="android.permission.FOREGROUND_SERVICE" />
33-->src\main\AndroidManifest.xml:27:5-77
33-->src\main\AndroidManifest.xml:27:22-74
34    <uses-permission android:name="android.permission.SEND_SMS" />
34-->src\main\AndroidManifest.xml:28:5-67
34-->src\main\AndroidManifest.xml:28:22-64
35    <uses-permission android:name="android.permission.VIBRATE" />
35-->src\main\AndroidManifest.xml:29:5-66
35-->src\main\AndroidManifest.xml:29:22-63
36    <uses-permission android:name="android.permission.RECEIVE_BOOT_COMPLETED" />
36-->src\main\AndroidManifest.xml:30:5-81
36-->src\main\AndroidManifest.xml:30:22-78
37    <uses-permission android:name="android.permission.ACCESS_COARSE_LOCATION" />
37-->src\main\AndroidManifest.xml:31:5-81
37-->src\main\AndroidManifest.xml:31:22-78
38    <uses-permission android:name="android.permission.ACCESS_FINE_LOCATION" />
38-->src\main\AndroidManifest.xml:32:5-79
38-->src\main\AndroidManifest.xml:32:22-76
39    <uses-permission android:name="android.permission.ACCESS_WIFI_STATE" />
39-->src\main\AndroidManifest.xml:33:5-76
39-->src\main\AndroidManifest.xml:33:22-73
40    <uses-permission android:name="android.permission.SYSTEM_ALERT_WINDOW" />
40-->src\main\AndroidManifest.xml:34:5-78
40-->src\main\AndroidManifest.xml:34:22-75
41    <uses-permission android:name="android.permission.WAKE_LOCK" />
41-->src\main\AndroidManifest.xml:35:5-68
41-->src\main\AndroidManifest.xml:35:22-65
42    <uses-permission android:name="android.permission.REQUEST_COMPANION_RUN_IN_BACKGROUND" />
42-->src\main\AndroidManifest.xml:36:5-94
42-->src\main\AndroidManifest.xml:36:22-91
43    <uses-permission android:name="android.permission.REQUEST_IGNORE_BATTERY_OPTIMIZATIONS" />
43-->src\main\AndroidManifest.xml:37:5-95
43-->src\main\AndroidManifest.xml:37:22-92
44    <uses-permission android:name="android.permission.FOREGROUND_SERVICE_LOCATION" />
44-->src\main\AndroidManifest.xml:38:5-86
44-->src\main\AndroidManifest.xml:38:22-83
45    <uses-permission android:name="android.permission.DUMP" />
45-->src\main\AndroidManifest.xml:39:5-41:47
45-->src\main\AndroidManifest.xml:40:9-47
46
47    <permission
47-->[androidx.core:core:1.13.0] AndroidManifest.xml:22:5-24:47
48        android:name="com.sms.sopnopay.DYNAMIC_RECEIVER_NOT_EXPORTED_PERMISSION"
48-->[androidx.core:core:1.13.0] AndroidManifest.xml:23:9-81
49        android:protectionLevel="signature" />
49-->[androidx.core:core:1.13.0] AndroidManifest.xml:24:9-44
50
51    <uses-permission android:name="com.sms.sopnopay.DYNAMIC_RECEIVER_NOT_EXPORTED_PERMISSION" />
51-->[androidx.core:core:1.13.0] AndroidManifest.xml:26:5-97
51-->[androidx.core:core:1.13.0] AndroidManifest.xml:26:22-94
52
53    <application
53-->src\main\AndroidManifest.xml:43:5-106:19
54        android:allowBackup="true"
54-->src\main\AndroidManifest.xml:44:9-35
55        android:appComponentFactory="androidx.core.app.CoreComponentFactory"
55-->[androidx.core:core:1.13.0] AndroidManifest.xml:28:18-86
56        android:dataExtractionRules="@xml/data_extraction_rules"
56-->src\main\AndroidManifest.xml:45:9-65
57        android:extractNativeLibs="false"
58        android:fullBackupContent="@xml/backup_rules"
58-->src\main\AndroidManifest.xml:46:9-54
59        android:icon="@drawable/paycappi"
59-->src\main\AndroidManifest.xml:47:9-42
60        android:label="@string/app_name"
60-->src\main\AndroidManifest.xml:48:9-41
61        android:networkSecurityConfig="@xml/network_security_config"
61-->src\main\AndroidManifest.xml:49:9-69
62        android:roundIcon="@drawable/paycappi"
62-->src\main\AndroidManifest.xml:50:9-47
63        android:supportsRtl="true"
63-->src\main\AndroidManifest.xml:51:9-35
64        android:theme="@style/Theme.SohojpayBD" >
64-->src\main\AndroidManifest.xml:52:9-48
65        <activity
65-->src\main\AndroidManifest.xml:55:9-57:39
66            android:name="com.sms.sopnopay.LoginActivity"
66-->src\main\AndroidManifest.xml:56:13-42
67            android:exported="true" />
67-->src\main\AndroidManifest.xml:57:13-36
68        <activity
68-->src\main\AndroidManifest.xml:58:9-60:39
69            android:name="com.sms.sopnopay.MainActivity"
69-->src\main\AndroidManifest.xml:59:13-41
70            android:exported="true" />
70-->src\main\AndroidManifest.xml:60:13-36
71
72        <service
72-->src\main\AndroidManifest.xml:62:9-66:56
73            android:name="com.sms.sopnopay.MyBackgroundService"
73-->src\main\AndroidManifest.xml:63:13-48
74            android:enabled="true"
74-->src\main\AndroidManifest.xml:64:13-35
75            android:exported="false"
75-->src\main\AndroidManifest.xml:65:13-37
76            android:foregroundServiceType="location" />
76-->src\main\AndroidManifest.xml:66:13-53
77
78        <receiver
78-->src\main\AndroidManifest.xml:68:9-75:20
79            android:name="com.sms.sopnopay.BootReceiver"
79-->src\main\AndroidManifest.xml:69:13-41
80            android:exported="true" >
80-->src\main\AndroidManifest.xml:70:13-36
81            <intent-filter>
81-->src\main\AndroidManifest.xml:71:13-74:29
82                <action android:name="android.intent.action.BOOT_COMPLETED" />
82-->src\main\AndroidManifest.xml:72:17-79
82-->src\main\AndroidManifest.xml:72:25-76
83                <action android:name="android.intent.action.REBOOT" />
83-->src\main\AndroidManifest.xml:73:17-71
83-->src\main\AndroidManifest.xml:73:25-68
84            </intent-filter>
85        </receiver>
86        <receiver
86-->src\main\AndroidManifest.xml:76:9-80:20
87            android:name="com.sms.sopnopay.NetworkChangeReceiver"
87-->src\main\AndroidManifest.xml:76:19-56
88            android:exported="true" >
88-->src\main\AndroidManifest.xml:76:57-80
89            <intent-filter>
89-->src\main\AndroidManifest.xml:77:13-79:29
90                <action android:name="android.net.conn.CONNECTIVITY_CHANGE" />
90-->src\main\AndroidManifest.xml:78:17-79
90-->src\main\AndroidManifest.xml:78:25-76
91            </intent-filter>
92        </receiver>
93        <receiver
93-->src\main\AndroidManifest.xml:81:9-91:20
94            android:name="com.sms.sopnopay.SmsReceiver"
94-->src\main\AndroidManifest.xml:82:13-40
95            android:enabled="true"
95-->src\main\AndroidManifest.xml:83:13-35
96            android:exported="true" >
96-->src\main\AndroidManifest.xml:84:13-36
97            <intent-filter android:priority="2147483647" >
97-->src\main\AndroidManifest.xml:85:13-90:29
97-->src\main\AndroidManifest.xml:85:28-57
98                <action android:name="android.provider.Telephony.SMS_RECEIVED" />
98-->src\main\AndroidManifest.xml:86:17-82
98-->src\main\AndroidManifest.xml:86:25-79
99                <action android:name="android.intent.action.BOOT_COMPLETED" />
99-->src\main\AndroidManifest.xml:72:17-79
99-->src\main\AndroidManifest.xml:72:25-76
100                <action android:name="android.intent.action.REBOOT" />
100-->src\main\AndroidManifest.xml:73:17-71
100-->src\main\AndroidManifest.xml:73:25-68
101                <action android:name="developer.mrj.action.SmsReceiver" />
101-->src\main\AndroidManifest.xml:89:17-75
101-->src\main\AndroidManifest.xml:89:25-72
102            </intent-filter>
103        </receiver>
104
105        <activity
105-->src\main\AndroidManifest.xml:93:9-101:20
106            android:name="com.sms.sopnopay.SplashActivity"
106-->src\main\AndroidManifest.xml:94:13-43
107            android:exported="true" >
107-->src\main\AndroidManifest.xml:95:13-36
108            <intent-filter>
108-->src\main\AndroidManifest.xml:96:13-100:29
109                <action android:name="android.intent.action.MAIN" />
109-->src\main\AndroidManifest.xml:97:17-69
109-->src\main\AndroidManifest.xml:97:25-66
110
111                <category android:name="android.intent.category.LAUNCHER" />
111-->src\main\AndroidManifest.xml:99:17-77
111-->src\main\AndroidManifest.xml:99:27-74
112            </intent-filter>
113        </activity>
114
115        <provider
115-->[androidx.emoji2:emoji2:1.3.0] AndroidManifest.xml:24:9-32:20
116            android:name="androidx.startup.InitializationProvider"
116-->[androidx.emoji2:emoji2:1.3.0] AndroidManifest.xml:25:13-67
117            android:authorities="com.sms.sopnopay.androidx-startup"
117-->[androidx.emoji2:emoji2:1.3.0] AndroidManifest.xml:26:13-68
118            android:exported="false" >
118-->[androidx.emoji2:emoji2:1.3.0] AndroidManifest.xml:27:13-37
119            <meta-data
119-->[androidx.emoji2:emoji2:1.3.0] AndroidManifest.xml:29:13-31:52
120                android:name="androidx.emoji2.text.EmojiCompatInitializer"
120-->[androidx.emoji2:emoji2:1.3.0] AndroidManifest.xml:30:17-75
121                android:value="androidx.startup" />
121-->[androidx.emoji2:emoji2:1.3.0] AndroidManifest.xml:31:17-49
122            <meta-data
122-->[androidx.lifecycle:lifecycle-process:2.6.2] AndroidManifest.xml:29:13-31:52
123                android:name="androidx.lifecycle.ProcessLifecycleInitializer"
123-->[androidx.lifecycle:lifecycle-process:2.6.2] AndroidManifest.xml:30:17-78
124                android:value="androidx.startup" />
124-->[androidx.lifecycle:lifecycle-process:2.6.2] AndroidManifest.xml:31:17-49
125            <meta-data
125-->[androidx.profileinstaller:profileinstaller:1.3.1] AndroidManifest.xml:29:13-31:52
126                android:name="androidx.profileinstaller.ProfileInstallerInitializer"
126-->[androidx.profileinstaller:profileinstaller:1.3.1] AndroidManifest.xml:30:17-85
127                android:value="androidx.startup" />
127-->[androidx.profileinstaller:profileinstaller:1.3.1] AndroidManifest.xml:31:17-49
128        </provider>
129
130        <receiver
130-->[androidx.profileinstaller:profileinstaller:1.3.1] AndroidManifest.xml:34:9-52:20
131            android:name="androidx.profileinstaller.ProfileInstallReceiver"
131-->[androidx.profileinstaller:profileinstaller:1.3.1] AndroidManifest.xml:35:13-76
132            android:directBootAware="false"
132-->[androidx.profileinstaller:profileinstaller:1.3.1] AndroidManifest.xml:36:13-44
133            android:enabled="true"
133-->[androidx.profileinstaller:profileinstaller:1.3.1] AndroidManifest.xml:37:13-35
134            android:exported="true"
134-->[androidx.profileinstaller:profileinstaller:1.3.1] AndroidManifest.xml:38:13-36
135            android:permission="android.permission.DUMP" >
135-->[androidx.profileinstaller:profileinstaller:1.3.1] AndroidManifest.xml:39:13-57
136            <intent-filter>
136-->[androidx.profileinstaller:profileinstaller:1.3.1] AndroidManifest.xml:40:13-42:29
137                <action android:name="androidx.profileinstaller.action.INSTALL_PROFILE" />
137-->[androidx.profileinstaller:profileinstaller:1.3.1] AndroidManifest.xml:41:17-91
137-->[androidx.profileinstaller:profileinstaller:1.3.1] AndroidManifest.xml:41:25-88
138            </intent-filter>
139            <intent-filter>
139-->[androidx.profileinstaller:profileinstaller:1.3.1] AndroidManifest.xml:43:13-45:29
140                <action android:name="androidx.profileinstaller.action.SKIP_FILE" />
140-->[androidx.profileinstaller:profileinstaller:1.3.1] AndroidManifest.xml:44:17-85
140-->[androidx.profileinstaller:profileinstaller:1.3.1] AndroidManifest.xml:44:25-82
141            </intent-filter>
142            <intent-filter>
142-->[androidx.profileinstaller:profileinstaller:1.3.1] AndroidManifest.xml:46:13-48:29
143                <action android:name="androidx.profileinstaller.action.SAVE_PROFILE" />
143-->[androidx.profileinstaller:profileinstaller:1.3.1] AndroidManifest.xml:47:17-88
143-->[androidx.profileinstaller:profileinstaller:1.3.1] AndroidManifest.xml:47:25-85
144            </intent-filter>
145            <intent-filter>
145-->[androidx.profileinstaller:profileinstaller:1.3.1] AndroidManifest.xml:49:13-51:29
146                <action android:name="androidx.profileinstaller.action.BENCHMARK_OPERATION" />
146-->[androidx.profileinstaller:profileinstaller:1.3.1] AndroidManifest.xml:50:17-95
146-->[androidx.profileinstaller:profileinstaller:1.3.1] AndroidManifest.xml:50:25-92
147            </intent-filter>
148        </receiver>
149    </application>
150
151</manifest>